[29-06-2020 23:29:02] PayPal\Core\PayPalHttpConnection : INFO: POST https://api.sandbox.paypal.com/v1/oauth2/token
[29-06-2020 23:29:03] PayPal\Core\PayPalHttpConnection : DEBUG: Request Headers 	: POST /v1/oauth2/token HTTP/1.1, Host: api.sandbox.paypal.com, User-Agent: PayPalSDK/PayPal-PHP-SDK 1.14.0 (platform-ver=7.3.1; bit=32; os=Windows_NT_10.0; machine=i586; crypto-lib-ver=1.1.1a; curl=7.61.1), Authorization: Basic QVhPeElVcGRDWnVncV9FT001amRSZ19zdEdtX0NXR3hyWVc2VmNZWWhpZjRlcXFYTzBDWGpmVUVyc0oyYTNLQkJBV3dYc2dfc3ppYWdZbkI6RUhGLUxIMmxTc2tLaU5KR2JkOVFDM0NGZnhhN0NfNVkwTm9Id3B5Q0lIbDJJY3BPQUZWUXB2Y1pYWElEUFRkcDRwSzIyMWhsY25uaXJfdU0=, Accept: */*, Content-Length: 29, Content-Type: application/x-www-form-urlencoded, , 
[29-06-2020 23:29:03] PayPal\Core\PayPalHttpConnection : DEBUG: Request Data		: grant_type=client_credentials
--------------------------------------------------------------------------------------------------------------------------------

[29-06-2020 23:29:03] PayPal\Core\PayPalHttpConnection : INFO: Response Status 	: 200
[29-06-2020 23:29:03] PayPal\Core\PayPalHttpConnection : DEBUG: Response Headers	: Cache-Control: max-age=0, no-cache, no-store, must-revalidate, Content-Length: 918, Content-Type: application/json, Date: Mon, 29 Jun 2020 23:29:01 GMT, Paypal-Debug-Id: 2b4d2696ce893, X-Paypal-Token-Service: IAAS, 
[29-06-2020 23:29:03] PayPal\Core\PayPalHttpConnection : DEBUG: Response Data 	: {"scope":"https://uri.paypal.com/services/invoicing https://uri.paypal.com/services/disputes/read-buyer https://uri.paypal.com/services/payments/realtimepayment https://uri.paypal.com/services/disputes/update-seller https://uri.paypal.com/services/payments/payment/authcapture openid https://uri.paypal.com/services/disputes/read-seller https://uri.paypal.com/services/payments/refund https://api.paypal.com/v1/vault/credit-card https://api.paypal.com/v1/payments/.* https://uri.paypal.com/payments/payouts https://api.paypal.com/v1/vault/credit-card/.* https://uri.paypal.com/services/subscriptions https://uri.paypal.com/services/applications/webhooks","access_token":"A21AAF5YnlEkUHcZeiBbBfvZ1CvwasPmRUrUN17JGJPTorhYTlnjB1GABP5ViXqDM2vo2GNd0UoLVwGrDbY53hnan5G59bspg","token_type":"Bearer","app_id":"APP-80W284485P519543T","expires_in":32400,"nonce":"2020-06-29T23:29:01ZyCTKptjKutyW5gebt4FO_oBAVkdcRR7EVVUdgj34L_4"}

================================================================================================================================

[29-06-2020 23:29:03] PayPal\Core\PayPalHttpConnection : INFO: POST https://api.sandbox.paypal.com/v1/payments/payment
[29-06-2020 23:29:03] PayPal\Core\PayPalHttpConnection : DEBUG: Request Headers 	: POST /v1/payments/payment HTTP/1.1, Host: api.sandbox.paypal.com, Accept: */*, Content-Type: application/json, User-Agent: PayPalSDK/PayPal-PHP-SDK 1.14.0 (platform-ver=7.3.1; bit=32; os=Windows_NT_10.0; machine=i586; crypto-lib-ver=1.1.1a; curl=7.61.1), Authorization: Bearer A21AAF5YnlEkUHcZeiBbBfvZ1CvwasPmRUrUN17JGJPTorhYTlnjB1GABP5ViXqDM2vo2GNd0UoLVwGrDbY53hnan5G59bspg, Content-Length: 327, , 
[29-06-2020 23:29:03] PayPal\Core\PayPalHttpConnection : DEBUG: Request Data		: {"intent":"Sale","payer":{"payment_method":"paypal"},"redirect_urls":{"return_url":"http://192.168.0.7:8000/status","cancel_url":"http://192.168.0.7:8000/status"},"transactions":[{"amount":{"currency":"MXN"},"item_list":{"items":[{"name":"Item 1","currency":"MXN","quantity":1}]},"description":"Your transaction description"}]}
--------------------------------------------------------------------------------------------------------------------------------

[29-06-2020 23:29:03] PayPal\Core\PayPalHttpConnection : INFO: Response Status 	: 400
[29-06-2020 23:29:03] PayPal\Core\PayPalHttpConnection : DEBUG: Response Headers	: Cache-Control: max-age=0, no-cache, no-store, must-revalidate, Content-Language: *, Content-Length: 373, Content-Type: application/json, Date: Mon, 29 Jun 2020 23:29:02 GMT, Paypal-Debug-Id: f0e3541d182f6, 
[29-06-2020 23:29:03] PayPal\Core\PayPalHttpConnection : ERROR: Got Http response code 400 when accessing https://api.sandbox.paypal.com/v1/payments/payment. {"name":"VALIDATION_ERROR","message":"Invalid request - see details","debug_id":"f0e3541d182f6","information_link":"https://developer.paypal.com/docs/api/payments/#errors","details":[{"field":"/transactions/0/amount","location":"body","issue":"Cannot construct instance of `com.paypal.platform.payments.model.rest.common.Amount`, problem: INVALID_CURRENCY_AMOUNT_FORMAT"}]}
[29-06-2020 23:29:03] PayPal\Core\PayPalHttpConnection : DEBUG: 

================================================================================================================================

[30-06-2020 04:57:22] PayPal\Core\PayPalHttpConnection : INFO: POST https://api.sandbox.paypal.com/v1/oauth2/token
[30-06-2020 04:57:22] PayPal\Core\PayPalHttpConnection : DEBUG: Request Headers 	: POST /v1/oauth2/token HTTP/1.1, Host: api.sandbox.paypal.com, User-Agent: PayPalSDK/PayPal-PHP-SDK 1.14.0 (platform-ver=7.3.1; bit=32; os=Windows_NT_10.0; machine=i586; crypto-lib-ver=1.1.1a; curl=7.61.1), Authorization: Basic QVhPeElVcGRDWnVncV9FT001amRSZ19zdEdtX0NXR3hyWVc2VmNZWWhpZjRlcXFYTzBDWGpmVUVyc0oyYTNLQkJBV3dYc2dfc3ppYWdZbkI6RUhGLUxIMmxTc2tLaU5KR2JkOVFDM0NGZnhhN0NfNVkwTm9Id3B5Q0lIbDJJY3BPQUZWUXB2Y1pYWElEUFRkcDRwSzIyMWhsY25uaXJfdU0=, Accept: */*, Content-Length: 29, Content-Type: application/x-www-form-urlencoded, , 
[30-06-2020 04:57:22] PayPal\Core\PayPalHttpConnection : DEBUG: Request Data		: grant_type=client_credentials
--------------------------------------------------------------------------------------------------------------------------------

[30-06-2020 04:57:22] PayPal\Core\PayPalHttpConnection : INFO: Response Status 	: 200
[30-06-2020 04:57:22] PayPal\Core\PayPalHttpConnection : DEBUG: Response Headers	: Cache-Control: max-age=0, no-cache, no-store, must-revalidate, Content-Length: 918, Content-Type: application/json, Date: Tue, 30 Jun 2020 04:57:21 GMT, Paypal-Debug-Id: f1e6f6b1d6324, X-Paypal-Token-Service: IAAS, 
[30-06-2020 04:57:22] PayPal\Core\PayPalHttpConnection : DEBUG: Response Data 	: {"scope":"https://uri.paypal.com/services/invoicing https://uri.paypal.com/services/disputes/read-buyer https://uri.paypal.com/services/payments/realtimepayment https://uri.paypal.com/services/disputes/update-seller https://uri.paypal.com/services/payments/payment/authcapture openid https://uri.paypal.com/services/disputes/read-seller https://uri.paypal.com/services/payments/refund https://api.paypal.com/v1/vault/credit-card https://api.paypal.com/v1/payments/.* https://uri.paypal.com/payments/payouts https://api.paypal.com/v1/vault/credit-card/.* https://uri.paypal.com/services/subscriptions https://uri.paypal.com/services/applications/webhooks","access_token":"A21AAGRHJb6oMI-Jnwwc1CV9HQEWoNRW1KPhTj3ujI0Tx_qlrFcdK-CQ9pVhptTtj2AxWHTduZju05GHgf28zV_3Qyr-Sy2qw","token_type":"Bearer","app_id":"APP-80W284485P519543T","expires_in":32400,"nonce":"2020-06-30T04:57:21ZRUrGjdG5-tN7ahhKSoW2BI9r867WwmmQmEyTF1y8dg4"}

================================================================================================================================

[30-06-2020 04:57:22] PayPal\Core\PayPalHttpConnection : INFO: POST https://api.sandbox.paypal.com/v1/payments/payment
[30-06-2020 04:57:23] PayPal\Core\PayPalHttpConnection : DEBUG: Request Headers 	: POST /v1/payments/payment HTTP/1.1, Host: api.sandbox.paypal.com, Accept: */*, Content-Type: application/json, User-Agent: PayPalSDK/PayPal-PHP-SDK 1.14.0 (platform-ver=7.3.1; bit=32; os=Windows_NT_10.0; machine=i586; crypto-lib-ver=1.1.1a; curl=7.61.1), Authorization: Bearer A21AAGRHJb6oMI-Jnwwc1CV9HQEWoNRW1KPhTj3ujI0Tx_qlrFcdK-CQ9pVhptTtj2AxWHTduZju05GHgf28zV_3Qyr-Sy2qw, Content-Length: 327, , 
[30-06-2020 04:57:23] PayPal\Core\PayPalHttpConnection : DEBUG: Request Data		: {"intent":"Sale","payer":{"payment_method":"paypal"},"redirect_urls":{"return_url":"http://192.168.0.7:8000/status","cancel_url":"http://192.168.0.7:8000/status"},"transactions":[{"amount":{"currency":"MXN"},"item_list":{"items":[{"name":"Item 1","currency":"MXN","quantity":1}]},"description":"Your transaction description"}]}
--------------------------------------------------------------------------------------------------------------------------------

[30-06-2020 04:57:23] PayPal\Core\PayPalHttpConnection : INFO: Response Status 	: 400
[30-06-2020 04:57:23] PayPal\Core\PayPalHttpConnection : DEBUG: Response Headers	: Cache-Control: max-age=0, no-cache, no-store, must-revalidate, Content-Language: *, Content-Length: 373, Content-Type: application/json, Date: Tue, 30 Jun 2020 04:57:22 GMT, Paypal-Debug-Id: b97d36ad1e2e7, 
[30-06-2020 04:57:23] PayPal\Core\PayPalHttpConnection : ERROR: Got Http response code 400 when accessing https://api.sandbox.paypal.com/v1/payments/payment. {"name":"VALIDATION_ERROR","message":"Invalid request - see details","debug_id":"b97d36ad1e2e7","information_link":"https://developer.paypal.com/docs/api/payments/#errors","details":[{"field":"/transactions/0/amount","location":"body","issue":"Cannot construct instance of `com.paypal.platform.payments.model.rest.common.Amount`, problem: INVALID_CURRENCY_AMOUNT_FORMAT"}]}
[30-06-2020 04:57:23] PayPal\Core\PayPalHttpConnection : DEBUG: 

================================================================================================================================

